<?xml version="1.0" encoding="UTF-8"?>
<testng-results ignored="0" total="1" passed="1" failed="0" skipped="0">
  <reporter-output>
    <line>
      <![CDATA[Home page is dispalying]]>
    </line>
    <line>
      <![CDATA[Bengaluru - New Delhi, Economy Flights, roundtrip, 26 Jul - 23 Aug=serach page is displaying]]>
    </line>
    <line>
      <![CDATA[Filter option is working for shops,Depature, airlines]]>
    </line>
  </reporter-output>
  <suite started-at="2022-07-26T08:58:11 IST" name="Default suite" finished-at="2022-07-26T08:59:57 IST" duration-ms="106430">
    <groups>
    </groups>
    <test started-at="2022-07-26T08:58:11 IST" name="Default test" finished-at="2022-07-26T08:59:57 IST" duration-ms="106430">
      <class name="com.cast.TicketBookingTest.IxigoTicketBookingTest">
        <test-method is-config="true" signature="ConfigBC()[pri:0, instance:com.cast.TicketBookingTest.IxigoTicketBookingTest@130c12b7]" started-at="2022-07-26T08:58:11 IST" name="ConfigBC" finished-at="2022-07-26T08:58:15 IST" duration-ms="3668" status="PASS">
          <reporter-output>
          </reporter-output>
        </test-method> <!-- ConfigBC -->
        <test-method is-config="true" signature="ConfigBM()[pri:0, instance:com.cast.TicketBookingTest.IxigoTicketBookingTest@130c12b7]" started-at="2022-07-26T08:58:15 IST" name="ConfigBM" finished-at="2022-07-26T08:58:24 IST" duration-ms="9512" status="PASS">
          <reporter-output>
          </reporter-output>
        </test-method> <!-- ConfigBM -->
        <test-method signature="ticketBooking()[pri:0, instance:com.cast.TicketBookingTest.IxigoTicketBookingTest@130c12b7]" started-at="2022-07-26T08:58:24 IST" name="ticketBooking" finished-at="2022-07-26T08:59:23 IST" duration-ms="59020" status="PASS">
          <reporter-output>
            <line>
              <![CDATA[Home page is dispalying]]>
            </line>
            <line>
              <![CDATA[Bengaluru - New Delhi, Economy Flights, roundtrip, 26 Jul - 23 Aug=serach page is displaying]]>
            </line>
            <line>
              <![CDATA[Filter option is working for shops,Depature, airlines]]>
            </line>
          </reporter-output>
        </test-method> <!-- ticketBooking -->
        <test-method is-config="true" signature="ConfigAM()[pri:0, instance:com.cast.TicketBookingTest.IxigoTicketBookingTest@130c12b7]" started-at="2022-07-26T08:59:23 IST" name="ConfigAM" finished-at="2022-07-26T08:59:23 IST" duration-ms="0" status="PASS">
          <reporter-output>
          </reporter-output>
        </test-method> <!-- ConfigAM -->
        <test-method is-config="true" signature="ConfigAC()[pri:0, instance:com.cast.TicketBookingTest.IxigoTicketBookingTest@130c12b7]" started-at="2022-07-26T08:59:23 IST" name="ConfigAC" finished-at="2022-07-26T08:59:57 IST" duration-ms="34182" status="PASS">
          <reporter-output>
          </reporter-output>
        </test-method> <!-- ConfigAC -->
      </class> <!-- com.cast.TicketBookingTest.IxigoTicketBookingTest -->
    </test> <!-- Default test -->
  </suite> <!-- Default suite -->
</testng-results>
